...found 13 targets...
...updating 12 targets...
gcc.compile.c++ bin.v2/libs/config/checks/architecture/gcc-mingw/debug/target-os-windows/threadapi-win32/threading-multi/visibility-hidden/32.o
libs/config/checks/architecture/32.cpp:9:36: error: narrowing conversion of ‘-1’ from ‘int’ to ‘long long unsigned int’ [-Wnarrowing]
    9 | int test[sizeof(void*) == 4? 1 : -1];
      |                                    ^
libs/config/checks/architecture/32.cpp:9:28: error: size ‘-1’ of array ‘test’ is negative
    9 | int test[sizeof(void*) == 4? 1 : -1];
      |          ~~~~~~~~~~~~~~~~~~^~~~~~~~

    "x86_64-w64-mingw32-g++"   -fvisibility-inlines-hidden -O0 -fno-inline -Wall -g -fvisibility=hidden  -DBOOST_ALL_NO_LIB=1 -DBOOST_COBALT_USE_STD_PMR=1   -I"."  -c -o "bin.v2/libs/config/checks/architecture/gcc-mingw/debug/target-os-windows/threadapi-win32/threading-multi/visibility-hidden/32.o" "libs/config/checks/architecture/32.cpp"

...failed gcc.compile.c++ bin.v2/libs/config/checks/architecture/gcc-mingw/debug/target-os-windows/threadapi-win32/threading-multi/visibility-hidden/32.o...

...updated 11 targets...

...failed updating 1 target...
   gcc.compile.c++ bin.v2/libs/config/checks/architecture/gcc-mingw/debug/target-os-windows/threadapi-win32/threading-multi/visibility-hidden/32.o
...found 2 targets...
...updating 1 target...
gcc.compile.c++ bin.v2/libs/config/checks/architecture/gcc-mingw/debug/target-os-windows/threadapi-win32/threading-multi/visibility-hidden/64.o

...updated 1 target...
...found 2 targets...
...updating 1 target...
gcc.compile.c++ bin.v2/libs/config/checks/architecture/gcc-mingw/debug/target-os-windows/threadapi-win32/threading-multi/visibility-hidden/arm.o
libs/config/checks/architecture/arm.cpp:13:2: error: #error "Not ARM"
   13 | #error "Not ARM"
      |  ^~~~~

    "x86_64-w64-mingw32-g++"   -fvisibility-inlines-hidden -O0 -fno-inline -Wall -g -fvisibility=hidden  -DBOOST_ALL_NO_LIB=1 -DBOOST_COBALT_USE_STD_PMR=1   -I"."  -c -o "bin.v2/libs/config/checks/architecture/gcc-mingw/debug/target-os-windows/threadapi-win32/threading-multi/visibility-hidden/arm.o" "libs/config/checks/architecture/arm.cpp"

...failed gcc.compile.c++ bin.v2/libs/config/checks/architecture/gcc-mingw/debug/target-os-windows/threadapi-win32/threading-multi/visibility-hidden/arm.o...

...failed updating 1 target...
   gcc.compile.c++ bin.v2/libs/config/checks/architecture/gcc-mingw/debug/target-os-windows/threadapi-win32/threading-multi/visibility-hidden/arm.o
...found 2 targets...
...updating 1 target...
gcc.compile.c++ bin.v2/libs/config/checks/architecture/gcc-mingw/debug/target-os-windows/threadapi-win32/threading-multi/visibility-hidden/loongarch.o
libs/config/checks/architecture/loongarch.cpp:10:2: error: #error "Not LoongArch"
   10 | #error "Not LoongArch"
      |  ^~~~~

    "x86_64-w64-mingw32-g++"   -fvisibility-inlines-hidden -O0 -fno-inline -Wall -g -fvisibility=hidden  -DBOOST_ALL_NO_LIB=1 -DBOOST_COBALT_USE_STD_PMR=1   -I"."  -c -o "bin.v2/libs/config/checks/architecture/gcc-mingw/debug/target-os-windows/threadapi-win32/threading-multi/visibility-hidden/loongarch.o" "libs/config/checks/architecture/loongarch.cpp"

...failed gcc.compile.c++ bin.v2/libs/config/checks/architecture/gcc-mingw/debug/target-os-windows/threadapi-win32/threading-multi/visibility-hidden/loongarch.o...

...failed updating 1 target...
   gcc.compile.c++ bin.v2/libs/config/checks/architecture/gcc-mingw/debug/target-os-windows/threadapi-win32/threading-multi/visibility-hidden/loongarch.o
...found 2 targets...
...updating 1 target...
gcc.compile.c++ bin.v2/libs/config/checks/architecture/gcc-mingw/debug/target-os-windows/threadapi-win32/threading-multi/visibility-hidden/mips.o
libs/config/checks/architecture/mips.cpp:10:2: error: #error "Not MIPS"
   10 | #error "Not MIPS"
      |  ^~~~~

    "x86_64-w64-mingw32-g++"   -fvisibility-inlines-hidden -O0 -fno-inline -Wall -g -fvisibility=hidden  -DBOOST_ALL_NO_LIB=1 -DBOOST_COBALT_USE_STD_PMR=1   -I"."  -c -o "bin.v2/libs/config/checks/architecture/gcc-mingw/debug/target-os-windows/threadapi-win32/threading-multi/visibility-hidden/mips.o" "libs/config/checks/architecture/mips.cpp"

...failed gcc.compile.c++ bin.v2/libs/config/checks/architecture/gcc-mingw/debug/target-os-windows/threadapi-win32/threading-multi/visibility-hidden/mips.o...

...failed updating 1 target...
   gcc.compile.c++ bin.v2/libs/config/checks/architecture/gcc-mingw/debug/target-os-windows/threadapi-win32/threading-multi/visibility-hidden/mips.o
...found 2 targets...
...updating 1 target...
gcc.compile.c++ bin.v2/libs/config/checks/architecture/gcc-mingw/debug/target-os-windows/threadapi-win32/threading-multi/visibility-hidden/power.o
libs/config/checks/architecture/power.cpp:13:2: error: #error "Not PPC"
   13 | #error "Not PPC"
      |  ^~~~~

    "x86_64-w64-mingw32-g++"   -fvisibility-inlines-hidden -O0 -fno-inline -Wall -g -fvisibility=hidden  -DBOOST_ALL_NO_LIB=1 -DBOOST_COBALT_USE_STD_PMR=1   -I"."  -c -o "bin.v2/libs/config/checks/architecture/gcc-mingw/debug/target-os-windows/threadapi-win32/threading-multi/visibility-hidden/power.o" "libs/config/checks/architecture/power.cpp"

...failed gcc.compile.c++ bin.v2/libs/config/checks/architecture/gcc-mingw/debug/target-os-windows/threadapi-win32/threading-multi/visibility-hidden/power.o...

...failed updating 1 target...
   gcc.compile.c++ bin.v2/libs/config/checks/architecture/gcc-mingw/debug/target-os-windows/threadapi-win32/threading-multi/visibility-hidden/power.o
...found 2 targets...
...updating 1 target...
gcc.compile.c++ bin.v2/libs/config/checks/architecture/gcc-mingw/debug/target-os-windows/threadapi-win32/threading-multi/visibility-hidden/riscv.o
libs/config/checks/architecture/riscv.cpp:9:2: error: #error "Not RISC-V"
    9 | #error "Not RISC-V"
      |  ^~~~~

    "x86_64-w64-mingw32-g++"   -fvisibility-inlines-hidden -O0 -fno-inline -Wall -g -fvisibility=hidden  -DBOOST_ALL_NO_LIB=1 -DBOOST_COBALT_USE_STD_PMR=1   -I"."  -c -o "bin.v2/libs/config/checks/architecture/gcc-mingw/debug/target-os-windows/threadapi-win32/threading-multi/visibility-hidden/riscv.o" "libs/config/checks/architecture/riscv.cpp"

...failed gcc.compile.c++ bin.v2/libs/config/checks/architecture/gcc-mingw/debug/target-os-windows/threadapi-win32/threading-multi/visibility-hidden/riscv.o...

...failed updating 1 target...
   gcc.compile.c++ bin.v2/libs/config/checks/architecture/gcc-mingw/debug/target-os-windows/threadapi-win32/threading-multi/visibility-hidden/riscv.o
...found 2 targets...
...updating 1 target...
gcc.compile.c++ bin.v2/libs/config/checks/architecture/gcc-mingw/debug/target-os-windows/threadapi-win32/threading-multi/visibility-hidden/s390x.o
libs/config/checks/architecture/s390x.cpp:10:2: error: #error "Not S390x"
   10 | #error "Not S390x"
      |  ^~~~~

    "x86_64-w64-mingw32-g++"   -fvisibility-inlines-hidden -O0 -fno-inline -Wall -g -fvisibility=hidden  -DBOOST_ALL_NO_LIB=1 -DBOOST_COBALT_USE_STD_PMR=1   -I"."  -c -o "bin.v2/libs/config/checks/architecture/gcc-mingw/debug/target-os-windows/threadapi-win32/threading-multi/visibility-hidden/s390x.o" "libs/config/checks/architecture/s390x.cpp"

...failed gcc.compile.c++ bin.v2/libs/config/checks/architecture/gcc-mingw/debug/target-os-windows/threadapi-win32/threading-multi/visibility-hidden/s390x.o...

...failed updating 1 target...
   gcc.compile.c++ bin.v2/libs/config/checks/architecture/gcc-mingw/debug/target-os-windows/threadapi-win32/threading-multi/visibility-hidden/s390x.o
...found 2 targets...
...updating 1 target...
gcc.compile.c++ bin.v2/libs/config/checks/architecture/gcc-mingw/debug/target-os-windows/threadapi-win32/threading-multi/visibility-hidden/sparc.o
libs/config/checks/architecture/sparc.cpp:10:2: error: #error "Not SPARC"
   10 | #error "Not SPARC"
      |  ^~~~~

    "x86_64-w64-mingw32-g++"   -fvisibility-inlines-hidden -O0 -fno-inline -Wall -g -fvisibility=hidden  -DBOOST_ALL_NO_LIB=1 -DBOOST_COBALT_USE_STD_PMR=1   -I"."  -c -o "bin.v2/libs/config/checks/architecture/gcc-mingw/debug/target-os-windows/threadapi-win32/threading-multi/visibility-hidden/sparc.o" "libs/config/checks/architecture/sparc.cpp"

...failed gcc.compile.c++ bin.v2/libs/config/checks/architecture/gcc-mingw/debug/target-os-windows/threadapi-win32/threading-multi/visibility-hidden/sparc.o...

...failed updating 1 target...
   gcc.compile.c++ bin.v2/libs/config/checks/architecture/gcc-mingw/debug/target-os-windows/threadapi-win32/threading-multi/visibility-hidden/sparc.o
...found 2 targets...
...updating 1 target...
gcc.compile.c++ bin.v2/libs/config/checks/architecture/gcc-mingw/debug/target-os-windows/threadapi-win32/threading-multi/visibility-hidden/x86.o

...updated 1 target...
...found 1 target...
...updating 1 target...
config-cache.write bin.v2/project-cache.jam

...updated 1 target...
